{"/home/blueturtle758/capstone_2/capstone_backend/app.js": {"path":"/home/blueturtle758/capstone_2/capstone_backend/app.js","statementMap":{"0":{"start":{"line":5,"column":16},"end":{"line":5,"column":34}},"1":{"start":{"line":6,"column":13},"end":{"line":6,"column":28}},"2":{"start":{"line":8,"column":26},"end":{"line":8,"column":51}},"3":{"start":{"line":10,"column":28},"end":{"line":10,"column":56}},"4":{"start":{"line":11,"column":19},"end":{"line":11,"column":43}},"5":{"start":{"line":12,"column":19},"end":{"line":12,"column":44}},"6":{"start":{"line":13,"column":21},"end":{"line":13,"column":48}},"7":{"start":{"line":14,"column":19},"end":{"line":14,"column":50}},"8":{"start":{"line":18,"column":12},"end":{"line":18,"column":21}},"9":{"start":{"line":20,"column":0},"end":{"line":20,"column":16}},"10":{"start":{"line":21,"column":0},"end":{"line":21,"column":24}},"11":{"start":{"line":22,"column":0},"end":{"line":22,"column":46}},"12":{"start":{"line":24,"column":0},"end":{"line":24,"column":25}},"13":{"start":{"line":26,"column":0},"end":{"line":26,"column":29}},"14":{"start":{"line":27,"column":0},"end":{"line":27,"column":30}},"15":{"start":{"line":28,"column":0},"end":{"line":28,"column":34}},"16":{"start":{"line":29,"column":0},"end":{"line":29,"column":29}},"17":{"start":{"line":39,"column":0},"end":{"line":41,"column":3}},"18":{"start":{"line":40,"column":2},"end":{"line":40,"column":35}},"19":{"start":{"line":44,"column":0},"end":{"line":52,"column":3}},"20":{"start":{"line":45,"column":2},"end":{"line":45,"column":64}},"21":{"start":{"line":45,"column":39},"end":{"line":45,"column":64}},"22":{"start":{"line":46,"column":17},"end":{"line":46,"column":34}},"23":{"start":{"line":47,"column":18},"end":{"line":47,"column":29}},"24":{"start":{"line":49,"column":2},"end":{"line":51,"column":5}},"25":{"start":{"line":54,"column":0},"end":{"line":54,"column":21}}},"fnMap":{"0":{"name":"(anonymous_0)","decl":{"start":{"line":39,"column":8},"end":{"line":39,"column":9}},"loc":{"start":{"line":39,"column":34},"end":{"line":41,"column":1}},"line":39},"1":{"name":"(anonymous_1)","decl":{"start":{"line":44,"column":8},"end":{"line":44,"column":9}},"loc":{"start":{"line":44,"column":39},"end":{"line":52,"column":1}},"line":44}},"branchMap":{"0":{"loc":{"start":{"line":45,"column":2},"end":{"line":45,"column":64}},"type":"if","locations":[{"start":{"line":45,"column":2},"end":{"line":45,"column":64}},{"start":{},"end":{}}],"line":45},"1":{"loc":{"start":{"line":46,"column":17},"end":{"line":46,"column":34}},"type":"binary-expr","locations":[{"start":{"line":46,"column":17},"end":{"line":46,"column":27}},{"start":{"line":46,"column":31},"end":{"line":46,"column":34}}],"line":46}},"s":{"0":4,"1":4,"2":4,"3":4,"4":4,"5":4,"6":4,"7":4,"8":4,"9":4,"10":4,"11":4,"12":4,"13":4,"14":4,"15":4,"16":4,"17":4,"18":0,"19":4,"20":10,"21":0,"22":10,"23":10,"24":10,"25":4},"f":{"0":0,"1":10},"b":{"0":[0,10],"1":[10,0]},"_coverageSchema":"1a1c01bbd47fc00a2c39e90264f33305004495a9","hash":"b77c4897d34793377c4a50745bdcda2a37318c93"}
,"/home/blueturtle758/capstone_2/capstone_backend/config.js": {"path":"/home/blueturtle758/capstone_2/capstone_backend/config.js","statementMap":{"0":{"start":{"line":10,"column":19},"end":{"line":10,"column":57}},"1":{"start":{"line":12,"column":13},"end":{"line":12,"column":38}},"2":{"start":{"line":16,"column":2},"end":{"line":18,"column":44}},"3":{"start":{"line":22,"column":27},"end":{"line":22,"column":67}},"4":{"start":{"line":31,"column":0},"end":{"line":36,"column":2}}},"fnMap":{"0":{"name":"getDatabaseUri","decl":{"start":{"line":15,"column":9},"end":{"line":15,"column":23}},"loc":{"start":{"line":15,"column":26},"end":{"line":19,"column":1}},"line":15}},"branchMap":{"0":{"loc":{"start":{"line":10,"column":19},"end":{"line":10,"column":57}},"type":"binary-expr","locations":[{"start":{"line":10,"column":19},"end":{"line":10,"column":41}},{"start":{"line":10,"column":45},"end":{"line":10,"column":57}}],"line":10},"1":{"loc":{"start":{"line":12,"column":13},"end":{"line":12,"column":38}},"type":"binary-expr","locations":[{"start":{"line":12,"column":13},"end":{"line":12,"column":30}},{"start":{"line":12,"column":34},"end":{"line":12,"column":38}}],"line":12},"2":{"loc":{"start":{"line":16,"column":9},"end":{"line":18,"column":43}},"type":"cond-expr","locations":[{"start":{"line":17,"column":8},"end":{"line":17,"column":20}},{"start":{"line":18,"column":8},"end":{"line":18,"column":43}}],"line":16},"3":{"loc":{"start":{"line":18,"column":8},"end":{"line":18,"column":43}},"type":"binary-expr","locations":[{"start":{"line":18,"column":8},"end":{"line":18,"column":32}},{"start":{"line":18,"column":36},"end":{"line":18,"column":43}}],"line":18},"4":{"loc":{"start":{"line":22,"column":27},"end":{"line":22,"column":67}},"type":"cond-expr","locations":[{"start":{"line":22,"column":61},"end":{"line":22,"column":62}},{"start":{"line":22,"column":65},"end":{"line":22,"column":67}}],"line":22}},"s":{"0":9,"1":9,"2":7,"3":9,"4":9},"f":{"0":7},"b":{"0":[9,9],"1":[9,9],"2":[7,0],"3":[0,0],"4":[9,0]},"_coverageSchema":"1a1c01bbd47fc00a2c39e90264f33305004495a9","hash":"447e6d642543fe312de74da80f4eb2c007f969ff"}
,"/home/blueturtle758/capstone_2/capstone_backend/db.js": {"path":"/home/blueturtle758/capstone_2/capstone_backend/db.js","statementMap":{"0":{"start":{"line":5,"column":19},"end":{"line":5,"column":32}},"1":{"start":{"line":6,"column":27},"end":{"line":6,"column":46}},"2":{"start":{"line":10,"column":0},"end":{"line":23,"column":1}},"3":{"start":{"line":11,"column":4},"end":{"line":18,"column":7}},"4":{"start":{"line":20,"column":4},"end":{"line":22,"column":7}},"5":{"start":{"line":25,"column":0},"end":{"line":25,"column":13}},"6":{"start":{"line":27,"column":0},"end":{"line":27,"column":20}}},"fnMap":{},"branchMap":{"0":{"loc":{"start":{"line":10,"column":0},"end":{"line":23,"column":1}},"type":"if","locations":[{"start":{"line":10,"column":0},"end":{"line":23,"column":1}},{"start":{"line":19,"column":7},"end":{"line":23,"column":1}}],"line":10}},"s":{"0":7,"1":7,"2":7,"3":0,"4":7,"5":7,"6":7},"f":{},"b":{"0":[0,7]},"_coverageSchema":"1a1c01bbd47fc00a2c39e90264f33305004495a9","hash":"965e81d20f357991b1d5caa84a4a64040d5a3df5"}
,"/home/blueturtle758/capstone_2/capstone_backend/expressError.js": {"path":"/home/blueturtle758/capstone_2/capstone_backend/expressError.js","statementMap":{"0":{"start":{"line":9,"column":4},"end":{"line":9,"column":12}},"1":{"start":{"line":10,"column":4},"end":{"line":10,"column":27}},"2":{"start":{"line":11,"column":4},"end":{"line":11,"column":25}},"3":{"start":{"line":19,"column":4},"end":{"line":19,"column":24}},"4":{"start":{"line":27,"column":4},"end":{"line":27,"column":24}},"5":{"start":{"line":35,"column":4},"end":{"line":35,"column":24}},"6":{"start":{"line":43,"column":4},"end":{"line":43,"column":24}},"7":{"start":{"line":47,"column":0},"end":{"line":53,"column":2}}},"fnMap":{"0":{"name":"(anonymous_0)","decl":{"start":{"line":8,"column":2},"end":{"line":8,"column":3}},"loc":{"start":{"line":8,"column":31},"end":{"line":12,"column":3}},"line":8},"1":{"name":"(anonymous_1)","decl":{"start":{"line":18,"column":2},"end":{"line":18,"column":3}},"loc":{"start":{"line":18,"column":37},"end":{"line":20,"column":3}},"line":18},"2":{"name":"(anonymous_2)","decl":{"start":{"line":26,"column":2},"end":{"line":26,"column":3}},"loc":{"start":{"line":26,"column":40},"end":{"line":28,"column":3}},"line":26},"3":{"name":"(anonymous_3)","decl":{"start":{"line":34,"column":2},"end":{"line":34,"column":3}},"loc":{"start":{"line":34,"column":39},"end":{"line":36,"column":3}},"line":34},"4":{"name":"(anonymous_4)","decl":{"start":{"line":42,"column":2},"end":{"line":42,"column":3}},"loc":{"start":{"line":42,"column":39},"end":{"line":44,"column":3}},"line":42}},"branchMap":{"0":{"loc":{"start":{"line":18,"column":14},"end":{"line":18,"column":35}},"type":"default-arg","locations":[{"start":{"line":18,"column":24},"end":{"line":18,"column":35}}],"line":18},"1":{"loc":{"start":{"line":26,"column":14},"end":{"line":26,"column":38}},"type":"default-arg","locations":[{"start":{"line":26,"column":24},"end":{"line":26,"column":38}}],"line":26},"2":{"loc":{"start":{"line":34,"column":14},"end":{"line":34,"column":37}},"type":"default-arg","locations":[{"start":{"line":34,"column":24},"end":{"line":34,"column":37}}],"line":34},"3":{"loc":{"start":{"line":42,"column":14},"end":{"line":42,"column":37}},"type":"default-arg","locations":[{"start":{"line":42,"column":24},"end":{"line":42,"column":37}}],"line":42}},"s":{"0":25,"1":25,"2":25,"3":11,"4":8,"5":6,"6":0,"7":8},"f":{"0":25,"1":11,"2":8,"3":6,"4":0},"b":{"0":[0],"1":[6],"2":[0],"3":[0]},"_coverageSchema":"1a1c01bbd47fc00a2c39e90264f33305004495a9","hash":"a674adf7f62e1318aabdb23c46211c2ea3f0b166"}
,"/home/blueturtle758/capstone_2/capstone_backend/secret.js": {"path":"/home/blueturtle758/capstone_2/capstone_backend/secret.js","statementMap":{"0":{"start":{"line":5,"column":22},"end":{"line":5,"column":56}},"1":{"start":{"line":7,"column":0},"end":{"line":7,"column":31}}},"fnMap":{},"branchMap":{},"s":{"0":4,"1":4},"f":{},"b":{},"_coverageSchema":"1a1c01bbd47fc00a2c39e90264f33305004495a9","hash":"dc294da88b19fbd7722a969daf6225a4775878c1"}
,"/home/blueturtle758/capstone_2/capstone_backend/Support/helpers.js": {"path":"/home/blueturtle758/capstone_2/capstone_backend/Support/helpers.js","statementMap":{"0":{"start":{"line":4,"column":26},"end":{"line":6,"column":1}},"1":{"start":{"line":5,"column":4},"end":{"line":5,"column":38}},"2":{"start":{"line":8,"column":0},"end":{"line":10,"column":1}}},"fnMap":{"0":{"name":"(anonymous_0)","decl":{"start":{"line":4,"column":26},"end":{"line":4,"column":27}},"loc":{"start":{"line":4,"column":48},"end":{"line":6,"column":1}},"line":4}},"branchMap":{},"s":{"0":4,"1":0,"2":4},"f":{"0":0},"b":{},"_coverageSchema":"1a1c01bbd47fc00a2c39e90264f33305004495a9","hash":"a426f0232a61000ee0217433ac56d84b8ac2815d"}
,"/home/blueturtle758/capstone_2/capstone_backend/helpers/tokens.js": {"path":"/home/blueturtle758/capstone_2/capstone_backend/helpers/tokens.js","statementMap":{"0":{"start":{"line":1,"column":12},"end":{"line":1,"column":35}},"1":{"start":{"line":2,"column":23},"end":{"line":2,"column":43}},"2":{"start":{"line":8,"column":18},"end":{"line":12,"column":3}},"3":{"start":{"line":14,"column":2},"end":{"line":14,"column":39}},"4":{"start":{"line":17,"column":0},"end":{"line":17,"column":33}}},"fnMap":{"0":{"name":"createToken","decl":{"start":{"line":6,"column":9},"end":{"line":6,"column":20}},"loc":{"start":{"line":6,"column":27},"end":{"line":15,"column":1}},"line":6}},"branchMap":{"0":{"loc":{"start":{"line":10,"column":13},"end":{"line":10,"column":34}},"type":"binary-expr","locations":[{"start":{"line":10,"column":13},"end":{"line":10,"column":25}},{"start":{"line":10,"column":29},"end":{"line":10,"column":34}}],"line":10}},"s":{"0":5,"1":5,"2":15,"3":15,"4":5},"f":{"0":15},"b":{"0":[15,10]},"_coverageSchema":"1a1c01bbd47fc00a2c39e90264f33305004495a9","hash":"ff0a6f54740cf26372f934236eb9301414edb211"}
,"/home/blueturtle758/capstone_2/capstone_backend/middleware/auth.js": {"path":"/home/blueturtle758/capstone_2/capstone_backend/middleware/auth.js","statementMap":{"0":{"start":{"line":5,"column":12},"end":{"line":5,"column":35}},"1":{"start":{"line":6,"column":23},"end":{"line":6,"column":43}},"2":{"start":{"line":7,"column":30},"end":{"line":7,"column":56}},"3":{"start":{"line":19,"column":2},"end":{"line":29,"column":3}},"4":{"start":{"line":20,"column":23},"end":{"line":20,"column":63}},"5":{"start":{"line":21,"column":4},"end":{"line":25,"column":5}},"6":{"start":{"line":22,"column":20},"end":{"line":22,"column":64}},"7":{"start":{"line":23,"column":6},"end":{"line":23,"column":54}},"8":{"start":{"line":26,"column":4},"end":{"line":26,"column":18}},"9":{"start":{"line":28,"column":4},"end":{"line":28,"column":18}},"10":{"start":{"line":70,"column":2},"end":{"line":79,"column":3}},"11":{"start":{"line":71,"column":17},"end":{"line":71,"column":32}},"12":{"start":{"line":73,"column":4},"end":{"line":75,"column":5}},"13":{"start":{"line":74,"column":6},"end":{"line":74,"column":36}},"14":{"start":{"line":76,"column":4},"end":{"line":76,"column":18}},"15":{"start":{"line":78,"column":4},"end":{"line":78,"column":21}},"16":{"start":{"line":83,"column":0},"end":{"line":88,"column":2}}},"fnMap":{"0":{"name":"authenticateJWT","decl":{"start":{"line":18,"column":9},"end":{"line":18,"column":24}},"loc":{"start":{"line":18,"column":41},"end":{"line":30,"column":1}},"line":18},"1":{"name":"ensureCorrectUserOrAdmin","decl":{"start":{"line":69,"column":9},"end":{"line":69,"column":33}},"loc":{"start":{"line":69,"column":50},"end":{"line":80,"column":1}},"line":69}},"branchMap":{"0":{"loc":{"start":{"line":20,"column":23},"end":{"line":20,"column":63}},"type":"binary-expr","locations":[{"start":{"line":20,"column":23},"end":{"line":20,"column":34}},{"start":{"line":20,"column":38},"end":{"line":20,"column":63}}],"line":20},"1":{"loc":{"start":{"line":21,"column":4},"end":{"line":25,"column":5}},"type":"if","locations":[{"start":{"line":21,"column":4},"end":{"line":25,"column":5}},{"start":{},"end":{}}],"line":21},"2":{"loc":{"start":{"line":73,"column":4},"end":{"line":75,"column":5}},"type":"if","locations":[{"start":{"line":73,"column":4},"end":{"line":75,"column":5}},{"start":{},"end":{}}],"line":73},"3":{"loc":{"start":{"line":73,"column":10},"end":{"line":73,"column":62}},"type":"binary-expr","locations":[{"start":{"line":73,"column":10},"end":{"line":73,"column":14}},{"start":{"line":73,"column":19},"end":{"line":73,"column":31}},{"start":{"line":73,"column":35},"end":{"line":73,"column":61}}],"line":73}},"s":{"0":5,"1":5,"2":5,"3":17,"4":17,"5":17,"6":16,"7":16,"8":16,"9":1,"10":18,"11":18,"12":18,"13":6,"14":12,"15":6,"16":5},"f":{"0":17,"1":18},"b":{"0":[17,16],"1":[16,1],"2":[6,12],"3":[18,17,16]},"_coverageSchema":"1a1c01bbd47fc00a2c39e90264f33305004495a9","hash":"8d2654bad317f891b1404a06d924882ddf543b98"}
,"/home/blueturtle758/capstone_2/capstone_backend/models/_modelTestCommon.js": {"path":"/home/blueturtle758/capstone_2/capstone_backend/models/_modelTestCommon.js","statementMap":{"0":{"start":{"line":1,"column":15},"end":{"line":1,"column":32}},"1":{"start":{"line":3,"column":11},"end":{"line":3,"column":30}},"2":{"start":{"line":4,"column":31},"end":{"line":4,"column":51}},"3":{"start":{"line":22,"column":2},"end":{"line":22,"column":38}},"4":{"start":{"line":23,"column":2},"end":{"line":23,"column":63}},"5":{"start":{"line":24,"column":2},"end":{"line":24,"column":40}},"6":{"start":{"line":25,"column":2},"end":{"line":25,"column":46}},"7":{"start":{"line":26,"column":2},"end":{"line":26,"column":46}},"8":{"start":{"line":27,"column":2},"end":{"line":27,"column":71}},"9":{"start":{"line":29,"column":2},"end":{"line":38,"column":7}},"10":{"start":{"line":40,"column":2},"end":{"line":45,"column":30}},"11":{"start":{"line":47,"column":2},"end":{"line":49,"column":43}},"12":{"start":{"line":51,"column":2},"end":{"line":57,"column":21}},"13":{"start":{"line":61,"column":2},"end":{"line":61,"column":26}},"14":{"start":{"line":65,"column":2},"end":{"line":65,"column":29}},"15":{"start":{"line":69,"column":2},"end":{"line":69,"column":17}},"16":{"start":{"line":72,"column":0},"end":{"line":77,"column":2}}},"fnMap":{"0":{"name":"commonBeforeAll","decl":{"start":{"line":21,"column":15},"end":{"line":21,"column":30}},"loc":{"start":{"line":21,"column":33},"end":{"line":58,"column":1}},"line":21},"1":{"name":"commonBeforeEach","decl":{"start":{"line":60,"column":15},"end":{"line":60,"column":31}},"loc":{"start":{"line":60,"column":34},"end":{"line":62,"column":1}},"line":60},"2":{"name":"commonAfterEach","decl":{"start":{"line":64,"column":15},"end":{"line":64,"column":30}},"loc":{"start":{"line":64,"column":33},"end":{"line":66,"column":1}},"line":64},"3":{"name":"commonAfterAll","decl":{"start":{"line":68,"column":15},"end":{"line":68,"column":29}},"loc":{"start":{"line":68,"column":32},"end":{"line":70,"column":1}},"line":68}},"branchMap":{},"s":{"0":3,"1":3,"2":3,"3":3,"4":3,"5":3,"6":3,"7":3,"8":3,"9":3,"10":3,"11":3,"12":2,"13":21,"14":31,"15":3,"16":3},"f":{"0":3,"1":21,"2":31,"3":3},"b":{},"_coverageSchema":"1a1c01bbd47fc00a2c39e90264f33305004495a9","hash":"b99040a8baac8963976e5e41be7665f24e4c9fa8"}
,"/home/blueturtle758/capstone_2/capstone_backend/models/mealPlan.js": {"path":"/home/blueturtle758/capstone_2/capstone_backend/models/mealPlan.js","statementMap":{"0":{"start":{"line":3,"column":11},"end":{"line":3,"column":27}},"1":{"start":{"line":8,"column":4},"end":{"line":8,"column":30}},"2":{"start":{"line":16,"column":21},"end":{"line":16,"column":78}},"3":{"start":{"line":17,"column":8},"end":{"line":17,"column":75}},"4":{"start":{"line":17,"column":33},"end":{"line":17,"column":75}},"5":{"start":{"line":19,"column":23},"end":{"line":19,"column":102}},"6":{"start":{"line":20,"column":8},"end":{"line":20,"column":86}},"7":{"start":{"line":20,"column":35},"end":{"line":20,"column":86}},"8":{"start":{"line":22,"column":21},"end":{"line":22,"column":73}},"9":{"start":{"line":23,"column":8},"end":{"line":23,"column":87}},"10":{"start":{"line":23,"column":33},"end":{"line":23,"column":87}},"11":{"start":{"line":25,"column":23},"end":{"line":31,"column":9}},"12":{"start":{"line":33,"column":8},"end":{"line":33,"column":29}},"13":{"start":{"line":38,"column":21},"end":{"line":38,"column":78}},"14":{"start":{"line":39,"column":8},"end":{"line":39,"column":75}},"15":{"start":{"line":39,"column":33},"end":{"line":39,"column":75}},"16":{"start":{"line":41,"column":23},"end":{"line":49,"column":9}},"17":{"start":{"line":51,"column":8},"end":{"line":51,"column":26}},"18":{"start":{"line":56,"column":23},"end":{"line":62,"column":9}},"19":{"start":{"line":64,"column":24},"end":{"line":64,"column":38}},"20":{"start":{"line":66,"column":8},"end":{"line":66,"column":62}},"21":{"start":{"line":66,"column":22},"end":{"line":66,"column":62}},"22":{"start":{"line":71,"column":21},"end":{"line":71,"column":82}},"23":{"start":{"line":72,"column":8},"end":{"line":72,"column":79}},"24":{"start":{"line":72,"column":33},"end":{"line":72,"column":79}},"25":{"start":{"line":74,"column":8},"end":{"line":80,"column":9}},"26":{"start":{"line":88,"column":0},"end":{"line":88,"column":26}}},"fnMap":{"0":{"name":"(anonymous_0)","decl":{"start":{"line":14,"column":4},"end":{"line":14,"column":5}},"loc":{"start":{"line":14,"column":52},"end":{"line":34,"column":5}},"line":14},"1":{"name":"(anonymous_1)","decl":{"start":{"line":36,"column":4},"end":{"line":36,"column":5}},"loc":{"start":{"line":36,"column":33},"end":{"line":52,"column":5}},"line":36},"2":{"name":"(anonymous_2)","decl":{"start":{"line":54,"column":4},"end":{"line":54,"column":5}},"loc":{"start":{"line":54,"column":32},"end":{"line":67,"column":5}},"line":54},"3":{"name":"(anonymous_3)","decl":{"start":{"line":69,"column":4},"end":{"line":69,"column":5}},"loc":{"start":{"line":69,"column":41},"end":{"line":81,"column":5}},"line":69}},"branchMap":{"0":{"loc":{"start":{"line":17,"column":8},"end":{"line":17,"column":75}},"type":"if","locations":[{"start":{"line":17,"column":8},"end":{"line":17,"column":75}},{"start":{},"end":{}}],"line":17},"1":{"loc":{"start":{"line":20,"column":8},"end":{"line":20,"column":86}},"type":"if","locations":[{"start":{"line":20,"column":8},"end":{"line":20,"column":86}},{"start":{},"end":{}}],"line":20},"2":{"loc":{"start":{"line":23,"column":8},"end":{"line":23,"column":87}},"type":"if","locations":[{"start":{"line":23,"column":8},"end":{"line":23,"column":87}},{"start":{},"end":{}}],"line":23},"3":{"loc":{"start":{"line":39,"column":8},"end":{"line":39,"column":75}},"type":"if","locations":[{"start":{"line":39,"column":8},"end":{"line":39,"column":75}},{"start":{},"end":{}}],"line":39},"4":{"loc":{"start":{"line":66,"column":8},"end":{"line":66,"column":62}},"type":"if","locations":[{"start":{"line":66,"column":8},"end":{"line":66,"column":62}},{"start":{},"end":{}}],"line":66},"5":{"loc":{"start":{"line":72,"column":8},"end":{"line":72,"column":79}},"type":"if","locations":[{"start":{"line":72,"column":8},"end":{"line":72,"column":79}},{"start":{},"end":{}}],"line":72}},"s":{"0":5,"1":5,"2":5,"3":5,"4":0,"5":5,"6":5,"7":1,"8":4,"9":4,"10":1,"11":3,"12":3,"13":0,"14":0,"15":0,"16":0,"17":0,"18":4,"19":4,"20":4,"21":2,"22":0,"23":0,"24":0,"25":0,"26":5},"f":{"0":5,"1":0,"2":4,"3":0},"b":{"0":[0,5],"1":[1,4],"2":[1,3],"3":[0,0],"4":[2,2],"5":[0,0]},"_coverageSchema":"1a1c01bbd47fc00a2c39e90264f33305004495a9","hash":"e761267bb51ad60556735b1f781eb73f31679b3d"}
,"/home/blueturtle758/capstone_2/capstone_backend/models/recipe.js": {"path":"/home/blueturtle758/capstone_2/capstone_backend/models/recipe.js","statementMap":{"0":{"start":{"line":3,"column":11},"end":{"line":3,"column":27}},"1":{"start":{"line":8,"column":4},"end":{"line":8,"column":30}},"2":{"start":{"line":16,"column":31},"end":{"line":21,"column":9}},"3":{"start":{"line":22,"column":32},"end":{"line":22,"column":37}},"4":{"start":{"line":24,"column":8},"end":{"line":27,"column":9}},"5":{"start":{"line":25,"column":12},"end":{"line":25,"column":37}},"6":{"start":{"line":26,"column":12},"end":{"line":26,"column":66}},"7":{"start":{"line":33,"column":8},"end":{"line":44,"column":9}},"8":{"start":{"line":34,"column":12},"end":{"line":42,"column":13}},"9":{"start":{"line":43,"column":12},"end":{"line":43,"column":40}},"10":{"start":{"line":52,"column":32},"end":{"line":57,"column":9}},"11":{"start":{"line":59,"column":30},"end":{"line":59,"column":35}},"12":{"start":{"line":61,"column":8},"end":{"line":64,"column":9}},"13":{"start":{"line":62,"column":12},"end":{"line":62,"column":35}},"14":{"start":{"line":63,"column":12},"end":{"line":63,"column":90}},"15":{"start":{"line":66,"column":8},"end":{"line":72,"column":9}},"16":{"start":{"line":67,"column":12},"end":{"line":71,"column":13}},"17":{"start":{"line":74,"column":8},"end":{"line":74,"column":26}},"18":{"start":{"line":79,"column":23},"end":{"line":85,"column":9}},"19":{"start":{"line":87,"column":29},"end":{"line":87,"column":40}},"20":{"start":{"line":88,"column":8},"end":{"line":88,"column":27}},"21":{"start":{"line":95,"column":23},"end":{"line":99,"column":30}},"22":{"start":{"line":101,"column":23},"end":{"line":101,"column":37}},"23":{"start":{"line":102,"column":8},"end":{"line":102,"column":37}},"24":{"start":{"line":103,"column":8},"end":{"line":103,"column":93}},"25":{"start":{"line":103,"column":21},"end":{"line":103,"column":93}},"26":{"start":{"line":106,"column":8},"end":{"line":109,"column":31}},"27":{"start":{"line":112,"column":8},"end":{"line":112,"column":29}},"28":{"start":{"line":118,"column":0},"end":{"line":118,"column":24}}},"fnMap":{"0":{"name":"(anonymous_0)","decl":{"start":{"line":14,"column":4},"end":{"line":14,"column":5}},"loc":{"start":{"line":14,"column":62},"end":{"line":75,"column":5}},"line":14},"1":{"name":"(anonymous_1)","decl":{"start":{"line":78,"column":4},"end":{"line":78,"column":5}},"loc":{"start":{"line":78,"column":36},"end":{"line":89,"column":5}},"line":78},"2":{"name":"(anonymous_2)","decl":{"start":{"line":94,"column":4},"end":{"line":94,"column":5}},"loc":{"start":{"line":94,"column":42},"end":{"line":113,"column":5}},"line":94}},"branchMap":{"0":{"loc":{"start":{"line":24,"column":8},"end":{"line":27,"column":9}},"type":"if","locations":[{"start":{"line":24,"column":8},"end":{"line":27,"column":9}},{"start":{},"end":{}}],"line":24},"1":{"loc":{"start":{"line":33,"column":8},"end":{"line":44,"column":9}},"type":"if","locations":[{"start":{"line":33,"column":8},"end":{"line":44,"column":9}},{"start":{},"end":{}}],"line":33},"2":{"loc":{"start":{"line":61,"column":8},"end":{"line":64,"column":9}},"type":"if","locations":[{"start":{"line":61,"column":8},"end":{"line":64,"column":9}},{"start":{},"end":{}}],"line":61},"3":{"loc":{"start":{"line":66,"column":8},"end":{"line":72,"column":9}},"type":"if","locations":[{"start":{"line":66,"column":8},"end":{"line":72,"column":9}},{"start":{},"end":{}}],"line":66},"4":{"loc":{"start":{"line":103,"column":8},"end":{"line":103,"column":93}},"type":"if","locations":[{"start":{"line":103,"column":8},"end":{"line":103,"column":93}},{"start":{},"end":{}}],"line":103}},"s":{"0":6,"1":6,"2":4,"3":4,"4":4,"5":1,"6":1,"7":4,"8":3,"9":3,"10":4,"11":4,"12":4,"13":1,"14":1,"15":3,"16":3,"17":3,"18":4,"19":4,"20":4,"21":2,"22":2,"23":2,"24":2,"25":1,"26":1,"27":1,"28":6},"f":{"0":4,"1":4,"2":2},"b":{"0":[1,3],"1":[3,1],"2":[1,3],"3":[3,0],"4":[1,1]},"_coverageSchema":"1a1c01bbd47fc00a2c39e90264f33305004495a9","hash":"a9a04725688a2f036b7f38611295079ac36f333f"}
,"/home/blueturtle758/capstone_2/capstone_backend/models/user.js": {"path":"/home/blueturtle758/capstone_2/capstone_backend/models/user.js","statementMap":{"0":{"start":{"line":3,"column":11},"end":{"line":3,"column":27}},"1":{"start":{"line":4,"column":15},"end":{"line":4,"column":32}},"2":{"start":{"line":10,"column":4},"end":{"line":10,"column":30}},"3":{"start":{"line":12,"column":31},"end":{"line":12,"column":54}},"4":{"start":{"line":26,"column":19},"end":{"line":34,"column":5}},"5":{"start":{"line":36,"column":17},"end":{"line":36,"column":31}},"6":{"start":{"line":38,"column":4},"end":{"line":45,"column":5}},"7":{"start":{"line":40,"column":22},"end":{"line":40,"column":67}},"8":{"start":{"line":41,"column":6},"end":{"line":44,"column":7}},"9":{"start":{"line":42,"column":8},"end":{"line":42,"column":29}},"10":{"start":{"line":43,"column":8},"end":{"line":43,"column":20}},"11":{"start":{"line":47,"column":4},"end":{"line":47,"column":61}},"12":{"start":{"line":58,"column":27},"end":{"line":63,"column":5}},"13":{"start":{"line":65,"column":4},"end":{"line":67,"column":5}},"14":{"start":{"line":66,"column":6},"end":{"line":66,"column":67}},"15":{"start":{"line":69,"column":27},"end":{"line":69,"column":74}},"16":{"start":{"line":71,"column":19},"end":{"line":84,"column":5}},"17":{"start":{"line":86,"column":17},"end":{"line":86,"column":31}},"18":{"start":{"line":88,"column":4},"end":{"line":88,"column":16}},"19":{"start":{"line":97,"column":19},"end":{"line":102,"column":5}},"20":{"start":{"line":104,"column":4},"end":{"line":104,"column":23}},"21":{"start":{"line":115,"column":20},"end":{"line":122,"column":5}},"22":{"start":{"line":124,"column":17},"end":{"line":124,"column":32}},"23":{"start":{"line":126,"column":4},"end":{"line":126,"column":57}},"24":{"start":{"line":126,"column":15},"end":{"line":126,"column":57}},"25":{"start":{"line":128,"column":4},"end":{"line":128,"column":16}},"26":{"start":{"line":132,"column":19},"end":{"line":135,"column":56}},"27":{"start":{"line":137,"column":17},"end":{"line":137,"column":31}},"28":{"start":{"line":139,"column":4},"end":{"line":139,"column":57}},"29":{"start":{"line":139,"column":15},"end":{"line":139,"column":57}},"30":{"start":{"line":140,"column":4},"end":{"line":140,"column":25}},"31":{"start":{"line":146,"column":17},"end":{"line":152,"column":5}},"32":{"start":{"line":153,"column":17},"end":{"line":153,"column":31}},"33":{"start":{"line":155,"column":4},"end":{"line":155,"column":57}},"34":{"start":{"line":155,"column":15},"end":{"line":155,"column":57}},"35":{"start":{"line":162,"column":0},"end":{"line":162,"column":22}}},"fnMap":{"0":{"name":"(anonymous_0)","decl":{"start":{"line":24,"column":2},"end":{"line":24,"column":3}},"loc":{"start":{"line":24,"column":48},"end":{"line":48,"column":3}},"line":24},"1":{"name":"(anonymous_1)","decl":{"start":{"line":57,"column":2},"end":{"line":57,"column":3}},"loc":{"start":{"line":57,"column":57},"end":{"line":89,"column":3}},"line":57},"2":{"name":"(anonymous_2)","decl":{"start":{"line":96,"column":2},"end":{"line":96,"column":3}},"loc":{"start":{"line":96,"column":25},"end":{"line":105,"column":3}},"line":96},"3":{"name":"(anonymous_3)","decl":{"start":{"line":114,"column":2},"end":{"line":114,"column":3}},"loc":{"start":{"line":114,"column":23},"end":{"line":129,"column":3}},"line":114},"4":{"name":"(anonymous_4)","decl":{"start":{"line":131,"column":2},"end":{"line":131,"column":3}},"loc":{"start":{"line":131,"column":35},"end":{"line":141,"column":3}},"line":131},"5":{"name":"(anonymous_5)","decl":{"start":{"line":145,"column":2},"end":{"line":145,"column":3}},"loc":{"start":{"line":145,"column":26},"end":{"line":156,"column":3}},"line":145}},"branchMap":{"0":{"loc":{"start":{"line":38,"column":4},"end":{"line":45,"column":5}},"type":"if","locations":[{"start":{"line":38,"column":4},"end":{"line":45,"column":5}},{"start":{},"end":{}}],"line":38},"1":{"loc":{"start":{"line":41,"column":6},"end":{"line":44,"column":7}},"type":"if","locations":[{"start":{"line":41,"column":6},"end":{"line":44,"column":7}},{"start":{},"end":{}}],"line":41},"2":{"loc":{"start":{"line":65,"column":4},"end":{"line":67,"column":5}},"type":"if","locations":[{"start":{"line":65,"column":4},"end":{"line":67,"column":5}},{"start":{},"end":{}}],"line":65},"3":{"loc":{"start":{"line":126,"column":4},"end":{"line":126,"column":57}},"type":"if","locations":[{"start":{"line":126,"column":4},"end":{"line":126,"column":57}},{"start":{},"end":{}}],"line":126},"4":{"loc":{"start":{"line":139,"column":4},"end":{"line":139,"column":57}},"type":"if","locations":[{"start":{"line":139,"column":4},"end":{"line":139,"column":57}},{"start":{},"end":{}}],"line":139},"5":{"loc":{"start":{"line":155,"column":4},"end":{"line":155,"column":57}},"type":"if","locations":[{"start":{"line":155,"column":4},"end":{"line":155,"column":57}},{"start":{},"end":{}}],"line":155}},"s":{"0":6,"1":6,"2":6,"3":6,"4":3,"5":3,"6":3,"7":1,"8":1,"9":1,"10":1,"11":2,"12":10,"13":10,"14":2,"15":8,"16":8,"17":6,"18":6,"19":1,"20":1,"21":2,"22":2,"23":2,"24":2,"25":0,"26":4,"27":4,"28":4,"29":3,"30":1,"31":2,"32":2,"33":2,"34":2,"35":6},"f":{"0":3,"1":10,"2":1,"3":2,"4":4,"5":2},"b":{"0":[1,2],"1":[1,0],"2":[2,8],"3":[2,0],"4":[3,1],"5":[2,0]},"_coverageSchema":"1a1c01bbd47fc00a2c39e90264f33305004495a9","hash":"62f0e0b4b34b63f423c4bdd7a9970398ef59dec1"}
,"/home/blueturtle758/capstone_2/capstone_backend/routes/_routeTestCommon.js": {"path":"/home/blueturtle758/capstone_2/capstone_backend/routes/_routeTestCommon.js","statementMap":{"0":{"start":{"line":3,"column":11},"end":{"line":3,"column":30}},"1":{"start":{"line":4,"column":13},"end":{"line":4,"column":38}},"2":{"start":{"line":5,"column":15},"end":{"line":5,"column":42}},"3":{"start":{"line":6,"column":17},"end":{"line":6,"column":46}},"4":{"start":{"line":7,"column":24},"end":{"line":7,"column":52}},"5":{"start":{"line":10,"column":4},"end":{"line":10,"column":40}},"6":{"start":{"line":11,"column":4},"end":{"line":11,"column":65}},"7":{"start":{"line":12,"column":4},"end":{"line":12,"column":42}},"8":{"start":{"line":13,"column":4},"end":{"line":13,"column":48}},"9":{"start":{"line":14,"column":4},"end":{"line":14,"column":48}},"10":{"start":{"line":15,"column":4},"end":{"line":15,"column":73}},"11":{"start":{"line":17,"column":18},"end":{"line":17,"column":93}},"12":{"start":{"line":18,"column":4},"end":{"line":18,"column":79}},"13":{"start":{"line":19,"column":4},"end":{"line":19,"column":79}},"14":{"start":{"line":21,"column":4},"end":{"line":21,"column":49}},"15":{"start":{"line":22,"column":4},"end":{"line":22,"column":48}},"16":{"start":{"line":25,"column":4},"end":{"line":25,"column":49}},"17":{"start":{"line":26,"column":4},"end":{"line":26,"column":50}},"18":{"start":{"line":31,"column":4},"end":{"line":31,"column":28}},"19":{"start":{"line":35,"column":4},"end":{"line":35,"column":31}},"20":{"start":{"line":39,"column":4},"end":{"line":39,"column":19}},"21":{"start":{"line":43,"column":16},"end":{"line":43,"column":73}},"22":{"start":{"line":44,"column":16},"end":{"line":44,"column":73}},"23":{"start":{"line":45,"column":19},"end":{"line":45,"column":76}},"24":{"start":{"line":47,"column":0},"end":{"line":55,"column":2}}},"fnMap":{"0":{"name":"commonBeforeAll","decl":{"start":{"line":9,"column":15},"end":{"line":9,"column":30}},"loc":{"start":{"line":9,"column":33},"end":{"line":28,"column":1}},"line":9},"1":{"name":"commonBeforeEach","decl":{"start":{"line":30,"column":15},"end":{"line":30,"column":31}},"loc":{"start":{"line":30,"column":34},"end":{"line":32,"column":1}},"line":30},"2":{"name":"commonAfterEach","decl":{"start":{"line":34,"column":15},"end":{"line":34,"column":30}},"loc":{"start":{"line":34,"column":33},"end":{"line":36,"column":1}},"line":34},"3":{"name":"commonAfterAll","decl":{"start":{"line":38,"column":15},"end":{"line":38,"column":29}},"loc":{"start":{"line":38,"column":32},"end":{"line":40,"column":1}},"line":38}},"branchMap":{},"s":{"0":4,"1":4,"2":4,"3":4,"4":4,"5":4,"6":4,"7":4,"8":4,"9":4,"10":4,"11":4,"12":1,"13":1,"14":1,"15":1,"16":1,"17":1,"18":14,"19":49,"20":4,"21":4,"22":4,"23":4,"24":4},"f":{"0":4,"1":14,"2":49,"3":4},"b":{},"_coverageSchema":"1a1c01bbd47fc00a2c39e90264f33305004495a9","hash":"8c318c2a6d0fc7e47e9041f7a55fb2be1d08c4b2"}
,"/home/blueturtle758/capstone_2/capstone_backend/routes/auth.js": {"path":"/home/blueturtle758/capstone_2/capstone_backend/routes/auth.js","statementMap":{"0":{"start":{"line":2,"column":16},"end":{"line":2,"column":34}},"1":{"start":{"line":4,"column":28},"end":{"line":4,"column":54}},"2":{"start":{"line":5,"column":15},"end":{"line":5,"column":35}},"3":{"start":{"line":6,"column":19},"end":{"line":6,"column":40}},"4":{"start":{"line":7,"column":13},"end":{"line":7,"column":38}},"5":{"start":{"line":8,"column":24},"end":{"line":8,"column":52}},"6":{"start":{"line":9,"column":23},"end":{"line":9,"column":58}},"7":{"start":{"line":10,"column":27},"end":{"line":10,"column":66}},"8":{"start":{"line":21,"column":0},"end":{"line":38,"column":3}},"9":{"start":{"line":22,"column":4},"end":{"line":37,"column":5}},"10":{"start":{"line":23,"column":26},"end":{"line":23,"column":71}},"11":{"start":{"line":24,"column":8},"end":{"line":27,"column":9}},"12":{"start":{"line":25,"column":25},"end":{"line":25,"column":59}},"13":{"start":{"line":25,"column":51},"end":{"line":25,"column":58}},"14":{"start":{"line":26,"column":12},"end":{"line":26,"column":44}},"15":{"start":{"line":29,"column":39},"end":{"line":29,"column":47}},"16":{"start":{"line":31,"column":21},"end":{"line":31,"column":64}},"17":{"start":{"line":33,"column":22},"end":{"line":33,"column":39}},"18":{"start":{"line":34,"column":8},"end":{"line":34,"column":35}},"19":{"start":{"line":36,"column":8},"end":{"line":36,"column":25}},"20":{"start":{"line":49,"column":0},"end":{"line":63,"column":3}},"21":{"start":{"line":50,"column":4},"end":{"line":62,"column":5}},"22":{"start":{"line":51,"column":26},"end":{"line":51,"column":75}},"23":{"start":{"line":52,"column":8},"end":{"line":55,"column":9}},"24":{"start":{"line":53,"column":25},"end":{"line":53,"column":59}},"25":{"start":{"line":53,"column":51},"end":{"line":53,"column":58}},"26":{"start":{"line":54,"column":12},"end":{"line":54,"column":44}},"27":{"start":{"line":57,"column":24},"end":{"line":57,"column":76}},"28":{"start":{"line":58,"column":22},"end":{"line":58,"column":42}},"29":{"start":{"line":59,"column":8},"end":{"line":59,"column":47}},"30":{"start":{"line":61,"column":8},"end":{"line":61,"column":25}},"31":{"start":{"line":65,"column":0},"end":{"line":65,"column":24}}},"fnMap":{"0":{"name":"(anonymous_0)","decl":{"start":{"line":21,"column":22},"end":{"line":21,"column":23}},"loc":{"start":{"line":21,"column":54},"end":{"line":38,"column":1}},"line":21},"1":{"name":"(anonymous_1)","decl":{"start":{"line":25,"column":46},"end":{"line":25,"column":47}},"loc":{"start":{"line":25,"column":51},"end":{"line":25,"column":58}},"line":25},"2":{"name":"(anonymous_2)","decl":{"start":{"line":49,"column":25},"end":{"line":49,"column":26}},"loc":{"start":{"line":49,"column":57},"end":{"line":63,"column":1}},"line":49},"3":{"name":"(anonymous_3)","decl":{"start":{"line":53,"column":46},"end":{"line":53,"column":47}},"loc":{"start":{"line":53,"column":51},"end":{"line":53,"column":58}},"line":53}},"branchMap":{"0":{"loc":{"start":{"line":24,"column":8},"end":{"line":27,"column":9}},"type":"if","locations":[{"start":{"line":24,"column":8},"end":{"line":27,"column":9}},{"start":{},"end":{}}],"line":24},"1":{"loc":{"start":{"line":52,"column":8},"end":{"line":55,"column":9}},"type":"if","locations":[{"start":{"line":52,"column":8},"end":{"line":55,"column":9}},{"start":{},"end":{}}],"line":52}},"s":{"0":4,"1":4,"2":4,"3":4,"4":4,"5":4,"6":4,"7":4,"8":4,"9":0,"10":0,"11":0,"12":0,"13":0,"14":0,"15":0,"16":0,"17":0,"18":0,"19":0,"20":4,"21":0,"22":0,"23":0,"24":0,"25":0,"26":0,"27":0,"28":0,"29":0,"30":0,"31":4},"f":{"0":0,"1":0,"2":0,"3":0},"b":{"0":[0,0],"1":[0,0]},"_coverageSchema":"1a1c01bbd47fc00a2c39e90264f33305004495a9","hash":"a6e8f031038c05a40f847acc8ee6469bdf121af9"}
,"/home/blueturtle758/capstone_2/capstone_backend/routes/mealPlanner.js": {"path":"/home/blueturtle758/capstone_2/capstone_backend/routes/mealPlanner.js","statementMap":{"0":{"start":{"line":2,"column":16},"end":{"line":2,"column":34}},"1":{"start":{"line":3,"column":13},"end":{"line":3,"column":38}},"2":{"start":{"line":4,"column":28},"end":{"line":4,"column":54}},"3":{"start":{"line":5,"column":37},"end":{"line":5,"column":66}},"4":{"start":{"line":6,"column":17},"end":{"line":6,"column":46}},"5":{"start":{"line":7,"column":15},"end":{"line":7,"column":35}},"6":{"start":{"line":8,"column":19},"end":{"line":8,"column":40}},"7":{"start":{"line":9,"column":21},"end":{"line":9,"column":57}},"8":{"start":{"line":10,"column":23},"end":{"line":10,"column":58}},"9":{"start":{"line":16,"column":0},"end":{"line":34,"column":2}},"10":{"start":{"line":17,"column":4},"end":{"line":33,"column":5}},"11":{"start":{"line":18,"column":26},"end":{"line":18,"column":71}},"12":{"start":{"line":19,"column":8},"end":{"line":22,"column":9}},"13":{"start":{"line":20,"column":25},"end":{"line":20,"column":59}},"14":{"start":{"line":20,"column":51},"end":{"line":20,"column":58}},"15":{"start":{"line":21,"column":12},"end":{"line":21,"column":44}},"16":{"start":{"line":24,"column":19},"end":{"line":24,"column":32}},"17":{"start":{"line":25,"column":35},"end":{"line":25,"column":43}},"18":{"start":{"line":29,"column":24},"end":{"line":29,"column":73}},"19":{"start":{"line":30,"column":8},"end":{"line":30,"column":44}},"20":{"start":{"line":32,"column":8},"end":{"line":32,"column":24}},"21":{"start":{"line":36,"column":0},"end":{"line":44,"column":2}},"22":{"start":{"line":37,"column":4},"end":{"line":43,"column":5}},"23":{"start":{"line":38,"column":28},"end":{"line":38,"column":38}},"24":{"start":{"line":39,"column":24},"end":{"line":39,"column":58}},"25":{"start":{"line":40,"column":8},"end":{"line":40,"column":44}},"26":{"start":{"line":42,"column":8},"end":{"line":42,"column":24}},"27":{"start":{"line":46,"column":0},"end":{"line":63,"column":2}},"28":{"start":{"line":47,"column":4},"end":{"line":62,"column":5}},"29":{"start":{"line":48,"column":26},"end":{"line":48,"column":69}},"30":{"start":{"line":49,"column":8},"end":{"line":52,"column":9}},"31":{"start":{"line":50,"column":25},"end":{"line":50,"column":59}},"32":{"start":{"line":50,"column":51},"end":{"line":50,"column":58}},"33":{"start":{"line":51,"column":12},"end":{"line":51,"column":44}},"34":{"start":{"line":54,"column":19},"end":{"line":54,"column":32}},"35":{"start":{"line":55,"column":23},"end":{"line":55,"column":38}},"36":{"start":{"line":56,"column":26},"end":{"line":56,"column":58}},"37":{"start":{"line":58,"column":8},"end":{"line":58,"column":51}},"38":{"start":{"line":61,"column":8},"end":{"line":61,"column":25}},"39":{"start":{"line":67,"column":0},"end":{"line":67,"column":24}}},"fnMap":{"0":{"name":"(anonymous_0)","decl":{"start":{"line":16,"column":46},"end":{"line":16,"column":47}},"loc":{"start":{"line":16,"column":72},"end":{"line":34,"column":1}},"line":16},"1":{"name":"(anonymous_1)","decl":{"start":{"line":20,"column":46},"end":{"line":20,"column":47}},"loc":{"start":{"line":20,"column":51},"end":{"line":20,"column":58}},"line":20},"2":{"name":"(anonymous_2)","decl":{"start":{"line":36,"column":57},"end":{"line":36,"column":58}},"loc":{"start":{"line":36,"column":83},"end":{"line":44,"column":1}},"line":36},"3":{"name":"(anonymous_3)","decl":{"start":{"line":46,"column":47},"end":{"line":46,"column":48}},"loc":{"start":{"line":46,"column":73},"end":{"line":63,"column":1}},"line":46},"4":{"name":"(anonymous_4)","decl":{"start":{"line":50,"column":46},"end":{"line":50,"column":47}},"loc":{"start":{"line":50,"column":51},"end":{"line":50,"column":58}},"line":50}},"branchMap":{"0":{"loc":{"start":{"line":19,"column":8},"end":{"line":22,"column":9}},"type":"if","locations":[{"start":{"line":19,"column":8},"end":{"line":22,"column":9}},{"start":{},"end":{}}],"line":19},"1":{"loc":{"start":{"line":49,"column":8},"end":{"line":52,"column":9}},"type":"if","locations":[{"start":{"line":49,"column":8},"end":{"line":52,"column":9}},{"start":{},"end":{}}],"line":49}},"s":{"0":4,"1":4,"2":4,"3":4,"4":4,"5":4,"6":4,"7":4,"8":4,"9":4,"10":4,"11":4,"12":4,"13":1,"14":1,"15":1,"16":3,"17":3,"18":3,"19":1,"20":3,"21":4,"22":4,"23":4,"24":4,"25":2,"26":2,"27":4,"28":2,"29":2,"30":2,"31":1,"32":1,"33":1,"34":1,"35":1,"36":1,"37":1,"38":1,"39":4},"f":{"0":4,"1":1,"2":4,"3":2,"4":1},"b":{"0":[1,3],"1":[1,1]},"_coverageSchema":"1a1c01bbd47fc00a2c39e90264f33305004495a9","hash":"8cc9df99cff1968296a9e2a5d2897b28225292aa"}
,"/home/blueturtle758/capstone_2/capstone_backend/routes/recipes.js": {"path":"/home/blueturtle758/capstone_2/capstone_backend/routes/recipes.js","statementMap":{"0":{"start":{"line":4,"column":14},"end":{"line":4,"column":30}},"1":{"start":{"line":5,"column":16},"end":{"line":5,"column":34}},"2":{"start":{"line":6,"column":19},"end":{"line":6,"column":40}},"3":{"start":{"line":7,"column":25},"end":{"line":7,"column":62}},"4":{"start":{"line":8,"column":28},"end":{"line":8,"column":54}},"5":{"start":{"line":9,"column":22},"end":{"line":9,"column":42}},"6":{"start":{"line":10,"column":15},"end":{"line":10,"column":35}},"7":{"start":{"line":11,"column":22},"end":{"line":11,"column":73}},"8":{"start":{"line":12,"column":30},"end":{"line":12,"column":59}},"9":{"start":{"line":13,"column":37},"end":{"line":13,"column":66}},"10":{"start":{"line":14,"column":15},"end":{"line":14,"column":42}},"11":{"start":{"line":48,"column":0},"end":{"line":88,"column":2}},"12":{"start":{"line":49,"column":4},"end":{"line":87,"column":5}},"13":{"start":{"line":51,"column":45},"end":{"line":51,"column":54}},"14":{"start":{"line":52,"column":8},"end":{"line":52,"column":108}},"15":{"start":{"line":52,"column":39},"end":{"line":52,"column":108}},"16":{"start":{"line":54,"column":35},"end":{"line":54,"column":58}},"17":{"start":{"line":62,"column":28},"end":{"line":62,"column":30}},"18":{"start":{"line":63,"column":8},"end":{"line":69,"column":9}},"19":{"start":{"line":66,"column":12},"end":{"line":68,"column":13}},"20":{"start":{"line":67,"column":16},"end":{"line":67,"column":52}},"21":{"start":{"line":71,"column":28},"end":{"line":71,"column":48}},"22":{"start":{"line":72,"column":27},"end":{"line":72,"column":28}},"23":{"start":{"line":73,"column":37},"end":{"line":73,"column":67}},"24":{"start":{"line":76,"column":8},"end":{"line":80,"column":9}},"25":{"start":{"line":77,"column":12},"end":{"line":77,"column":167}},"26":{"start":{"line":79,"column":12},"end":{"line":79,"column":181}},"27":{"start":{"line":82,"column":24},"end":{"line":82,"column":37}},"28":{"start":{"line":83,"column":8},"end":{"line":83,"column":32}},"29":{"start":{"line":86,"column":8},"end":{"line":86,"column":24}},"30":{"start":{"line":98,"column":0},"end":{"line":115,"column":2}},"31":{"start":{"line":99,"column":4},"end":{"line":114,"column":5}},"32":{"start":{"line":101,"column":29},"end":{"line":101,"column":38}},"33":{"start":{"line":103,"column":8},"end":{"line":103,"column":105}},"34":{"start":{"line":103,"column":51},"end":{"line":103,"column":105}},"35":{"start":{"line":105,"column":25},"end":{"line":105,"column":150}},"36":{"start":{"line":106,"column":29},"end":{"line":106,"column":42}},"37":{"start":{"line":107,"column":29},"end":{"line":107,"column":140}},"38":{"start":{"line":108,"column":32},"end":{"line":108,"column":49}},"39":{"start":{"line":111,"column":8},"end":{"line":111,"column":77}},"40":{"start":{"line":113,"column":8},"end":{"line":113,"column":24}},"41":{"start":{"line":128,"column":0},"end":{"line":137,"column":2}},"42":{"start":{"line":129,"column":4},"end":{"line":136,"column":5}},"43":{"start":{"line":131,"column":23},"end":{"line":131,"column":36}},"44":{"start":{"line":132,"column":26},"end":{"line":132,"column":57}},"45":{"start":{"line":133,"column":8},"end":{"line":133,"column":47}},"46":{"start":{"line":135,"column":8},"end":{"line":135,"column":25}},"47":{"start":{"line":150,"column":0},"end":{"line":170,"column":2}},"48":{"start":{"line":151,"column":4},"end":{"line":169,"column":5}},"49":{"start":{"line":152,"column":26},"end":{"line":152,"column":73}},"50":{"start":{"line":153,"column":8},"end":{"line":156,"column":9}},"51":{"start":{"line":154,"column":25},"end":{"line":154,"column":59}},"52":{"start":{"line":154,"column":51},"end":{"line":154,"column":58}},"53":{"start":{"line":155,"column":12},"end":{"line":155,"column":44}},"54":{"start":{"line":158,"column":29},"end":{"line":158,"column":37}},"55":{"start":{"line":159,"column":25},"end":{"line":159,"column":40}},"56":{"start":{"line":160,"column":27},"end":{"line":160,"column":45}},"57":{"start":{"line":161,"column":22},"end":{"line":161,"column":37}},"58":{"start":{"line":162,"column":23},"end":{"line":162,"column":31}},"59":{"start":{"line":163,"column":25},"end":{"line":163,"column":62}},"60":{"start":{"line":165,"column":26},"end":{"line":165,"column":89}},"61":{"start":{"line":166,"column":8},"end":{"line":166,"column":63}},"62":{"start":{"line":168,"column":8},"end":{"line":168,"column":25}},"63":{"start":{"line":173,"column":0},"end":{"line":185,"column":2}},"64":{"start":{"line":174,"column":4},"end":{"line":184,"column":5}},"65":{"start":{"line":177,"column":33},"end":{"line":177,"column":43}},"66":{"start":{"line":179,"column":26},"end":{"line":179,"column":59}},"67":{"start":{"line":181,"column":8},"end":{"line":181,"column":60}},"68":{"start":{"line":183,"column":8},"end":{"line":183,"column":25}},"69":{"start":{"line":187,"column":0},"end":{"line":187,"column":24}}},"fnMap":{"0":{"name":"(anonymous_0)","decl":{"start":{"line":48,"column":23},"end":{"line":48,"column":24}},"loc":{"start":{"line":48,"column":49},"end":{"line":88,"column":1}},"line":48},"1":{"name":"(anonymous_1)","decl":{"start":{"line":98,"column":22},"end":{"line":98,"column":23}},"loc":{"start":{"line":98,"column":48},"end":{"line":115,"column":1}},"line":98},"2":{"name":"(anonymous_2)","decl":{"start":{"line":128,"column":45},"end":{"line":128,"column":46}},"loc":{"start":{"line":128,"column":71},"end":{"line":137,"column":1}},"line":128},"3":{"name":"(anonymous_3)","decl":{"start":{"line":150,"column":46},"end":{"line":150,"column":47}},"loc":{"start":{"line":150,"column":72},"end":{"line":170,"column":1}},"line":150},"4":{"name":"(anonymous_4)","decl":{"start":{"line":154,"column":46},"end":{"line":154,"column":47}},"loc":{"start":{"line":154,"column":51},"end":{"line":154,"column":58}},"line":154},"5":{"name":"(anonymous_5)","decl":{"start":{"line":173,"column":58},"end":{"line":173,"column":59}},"loc":{"start":{"line":173,"column":84},"end":{"line":185,"column":1}},"line":173}},"branchMap":{"0":{"loc":{"start":{"line":52,"column":8},"end":{"line":52,"column":108}},"type":"if","locations":[{"start":{"line":52,"column":8},"end":{"line":52,"column":108}},{"start":{},"end":{}}],"line":52},"1":{"loc":{"start":{"line":66,"column":12},"end":{"line":68,"column":13}},"type":"if","locations":[{"start":{"line":66,"column":12},"end":{"line":68,"column":13}},{"start":{},"end":{}}],"line":66},"2":{"loc":{"start":{"line":66,"column":16},"end":{"line":66,"column":46}},"type":"binary-expr","locations":[{"start":{"line":66,"column":16},"end":{"line":66,"column":28}},{"start":{"line":66,"column":32},"end":{"line":66,"column":46}}],"line":66},"3":{"loc":{"start":{"line":76,"column":8},"end":{"line":80,"column":9}},"type":"if","locations":[{"start":{"line":76,"column":8},"end":{"line":80,"column":9}},{"start":{"line":78,"column":15},"end":{"line":80,"column":9}}],"line":76},"4":{"loc":{"start":{"line":103,"column":8},"end":{"line":103,"column":105}},"type":"if","locations":[{"start":{"line":103,"column":8},"end":{"line":103,"column":105}},{"start":{},"end":{}}],"line":103},"5":{"loc":{"start":{"line":153,"column":8},"end":{"line":156,"column":9}},"type":"if","locations":[{"start":{"line":153,"column":8},"end":{"line":156,"column":9}},{"start":{},"end":{}}],"line":153}},"s":{"0":4,"1":4,"2":4,"3":4,"4":4,"5":4,"6":4,"7":4,"8":4,"9":4,"10":4,"11":4,"12":0,"13":0,"14":0,"15":0,"16":0,"17":0,"18":0,"19":0,"20":0,"21":0,"22":0,"23":0,"24":0,"25":0,"26":0,"27":0,"28":0,"29":0,"30":4,"31":0,"32":0,"33":0,"34":0,"35":0,"36":0,"37":0,"38":0,"39":0,"40":0,"41":4,"42":0,"43":0,"44":0,"45":0,"46":0,"47":4,"48":0,"49":0,"50":0,"51":0,"52":0,"53":0,"54":0,"55":0,"56":0,"57":0,"58":0,"59":0,"60":0,"61":0,"62":0,"63":4,"64":0,"65":0,"66":0,"67":0,"68":0,"69":4},"f":{"0":0,"1":0,"2":0,"3":0,"4":0,"5":0},"b":{"0":[0,0],"1":[0,0],"2":[0,0],"3":[0,0],"4":[0,0],"5":[0,0]},"_coverageSchema":"1a1c01bbd47fc00a2c39e90264f33305004495a9","hash":"bdcf39ed0bcbafe863b06c7efb433ada74ad6d90"}
,"/home/blueturtle758/capstone_2/capstone_backend/routes/users.js": {"path":"/home/blueturtle758/capstone_2/capstone_backend/routes/users.js","statementMap":{"0":{"start":{"line":5,"column":19},"end":{"line":5,"column":40}},"1":{"start":{"line":7,"column":16},"end":{"line":7,"column":34}},"2":{"start":{"line":8,"column":37},"end":{"line":8,"column":66}},"3":{"start":{"line":9,"column":28},"end":{"line":9,"column":54}},"4":{"start":{"line":10,"column":13},"end":{"line":10,"column":38}},"5":{"start":{"line":11,"column":17},"end":{"line":11,"column":46}},"6":{"start":{"line":12,"column":15},"end":{"line":12,"column":42}},"7":{"start":{"line":14,"column":15},"end":{"line":14,"column":31}},"8":{"start":{"line":24,"column":0},"end":{"line":39,"column":3}},"9":{"start":{"line":25,"column":2},"end":{"line":38,"column":3}},"10":{"start":{"line":26,"column":15},"end":{"line":26,"column":28}},"11":{"start":{"line":27,"column":17},"end":{"line":27,"column":35}},"12":{"start":{"line":28,"column":25},"end":{"line":28,"column":55}},"13":{"start":{"line":29,"column":22},"end":{"line":29,"column":49}},"14":{"start":{"line":33,"column":4},"end":{"line":33,"column":32}},"15":{"start":{"line":34,"column":4},"end":{"line":34,"column":28}},"16":{"start":{"line":35,"column":4},"end":{"line":35,"column":30}},"17":{"start":{"line":37,"column":4},"end":{"line":37,"column":21}},"18":{"start":{"line":47,"column":0},"end":{"line":54,"column":3}},"19":{"start":{"line":48,"column":2},"end":{"line":53,"column":3}},"20":{"start":{"line":49,"column":4},"end":{"line":49,"column":37}},"21":{"start":{"line":50,"column":4},"end":{"line":50,"column":48}},"22":{"start":{"line":52,"column":4},"end":{"line":52,"column":21}},"23":{"start":{"line":58,"column":0},"end":{"line":58,"column":24}}},"fnMap":{"0":{"name":"(anonymous_0)","decl":{"start":{"line":24,"column":45},"end":{"line":24,"column":46}},"loc":{"start":{"line":24,"column":77},"end":{"line":39,"column":1}},"line":24},"1":{"name":"(anonymous_1)","decl":{"start":{"line":47,"column":48},"end":{"line":47,"column":49}},"loc":{"start":{"line":47,"column":80},"end":{"line":54,"column":1}},"line":47}},"branchMap":{},"s":{"0":4,"1":4,"2":4,"3":4,"4":4,"5":4,"6":4,"7":4,"8":4,"9":0,"10":0,"11":0,"12":0,"13":0,"14":0,"15":0,"16":0,"17":0,"18":4,"19":0,"20":0,"21":0,"22":0,"23":4},"f":{"0":0,"1":0},"b":{},"_coverageSchema":"1a1c01bbd47fc00a2c39e90264f33305004495a9","hash":"1b272719302d3fa04ebc8d9a8e2938eff1a16576"}
}
