TN:
SF:app.js
FN:39,(anonymous_0)
FN:44,(anonymous_1)
FNF:2
FNH:1
FNDA:0,(anonymous_0)
FNDA:10,(anonymous_1)
DA:5,4
DA:6,4
DA:8,4
DA:10,4
DA:11,4
DA:12,4
DA:13,4
DA:14,4
DA:18,4
DA:20,4
DA:21,4
DA:22,4
DA:24,4
DA:26,4
DA:27,4
DA:28,4
DA:29,4
DA:39,4
DA:40,0
DA:44,4
DA:45,10
DA:46,10
DA:47,10
DA:49,10
DA:54,4
LF:25
LH:24
BRDA:45,0,0,0
BRDA:45,0,1,10
BRDA:46,1,0,10
BRDA:46,1,1,0
BRF:4
BRH:2
end_of_record
TN:
SF:config.js
FN:15,getDatabaseUri
FNF:1
FNH:1
FNDA:7,getDatabaseUri
DA:10,9
DA:12,9
DA:16,7
DA:22,9
DA:31,9
LF:5
LH:5
BRDA:10,0,0,9
BRDA:10,0,1,9
BRDA:12,1,0,9
BRDA:12,1,1,9
BRDA:16,2,0,7
BRDA:16,2,1,0
BRDA:18,3,0,0
BRDA:18,3,1,0
BRDA:22,4,0,9
BRDA:22,4,1,0
BRF:10
BRH:6
end_of_record
TN:
SF:db.js
FNF:0
FNH:0
DA:5,7
DA:6,7
DA:10,7
DA:11,0
DA:20,7
DA:25,7
DA:27,7
LF:7
LH:6
BRDA:10,0,0,0
BRDA:10,0,1,7
BRF:2
BRH:1
end_of_record
TN:
SF:expressError.js
FN:8,(anonymous_0)
FN:18,(anonymous_1)
FN:26,(anonymous_2)
FN:34,(anonymous_3)
FN:42,(anonymous_4)
FNF:5
FNH:4
FNDA:25,(anonymous_0)
FNDA:11,(anonymous_1)
FNDA:8,(anonymous_2)
FNDA:6,(anonymous_3)
FNDA:0,(anonymous_4)
DA:9,25
DA:10,25
DA:11,25
DA:19,11
DA:27,8
DA:35,6
DA:43,0
DA:47,8
LF:8
LH:7
BRDA:18,0,0,0
BRDA:26,1,0,6
BRDA:34,2,0,0
BRDA:42,3,0,0
BRF:4
BRH:1
end_of_record
TN:
SF:secret.js
FNF:0
FNH:0
DA:5,4
DA:7,4
LF:2
LH:2
BRF:0
BRH:0
end_of_record
TN:
SF:Support/helpers.js
FN:4,(anonymous_0)
FNF:1
FNH:0
FNDA:0,(anonymous_0)
DA:4,4
DA:5,0
DA:8,4
LF:3
LH:2
BRF:0
BRH:0
end_of_record
TN:
SF:helpers/tokens.js
FN:6,createToken
FNF:1
FNH:1
FNDA:15,createToken
DA:1,5
DA:2,5
DA:8,15
DA:14,15
DA:17,5
LF:5
LH:5
BRDA:10,0,0,15
BRDA:10,0,1,10
BRF:2
BRH:2
end_of_record
TN:
SF:middleware/auth.js
FN:18,authenticateJWT
FN:69,ensureCorrectUserOrAdmin
FNF:2
FNH:2
FNDA:17,authenticateJWT
FNDA:18,ensureCorrectUserOrAdmin
DA:5,5
DA:6,5
DA:7,5
DA:19,17
DA:20,17
DA:21,17
DA:22,16
DA:23,16
DA:26,16
DA:28,1
DA:70,18
DA:71,18
DA:73,18
DA:74,6
DA:76,12
DA:78,6
DA:83,5
LF:17
LH:17
BRDA:20,0,0,17
BRDA:20,0,1,16
BRDA:21,1,0,16
BRDA:21,1,1,1
BRDA:73,2,0,6
BRDA:73,2,1,12
BRDA:73,3,0,18
BRDA:73,3,1,17
BRDA:73,3,2,16
BRF:9
BRH:9
end_of_record
TN:
SF:models/_modelTestCommon.js
FN:21,commonBeforeAll
FN:60,commonBeforeEach
FN:64,commonAfterEach
FN:68,commonAfterAll
FNF:4
FNH:4
FNDA:3,commonBeforeAll
FNDA:21,commonBeforeEach
FNDA:31,commonAfterEach
FNDA:3,commonAfterAll
DA:1,3
DA:3,3
DA:4,3
DA:22,3
DA:23,3
DA:24,3
DA:25,3
DA:26,3
DA:27,3
DA:29,3
DA:40,3
DA:47,3
DA:51,2
DA:61,21
DA:65,31
DA:69,3
DA:72,3
LF:17
LH:17
BRF:0
BRH:0
end_of_record
TN:
SF:models/mealPlan.js
FN:14,(anonymous_0)
FN:36,(anonymous_1)
FN:54,(anonymous_2)
FN:69,(anonymous_3)
FNF:4
FNH:2
FNDA:5,(anonymous_0)
FNDA:0,(anonymous_1)
FNDA:4,(anonymous_2)
FNDA:0,(anonymous_3)
DA:3,5
DA:8,5
DA:16,5
DA:17,5
DA:19,5
DA:20,5
DA:22,4
DA:23,4
DA:25,3
DA:33,3
DA:38,0
DA:39,0
DA:41,0
DA:51,0
DA:56,4
DA:64,4
DA:66,4
DA:71,0
DA:72,0
DA:74,0
DA:88,5
LF:21
LH:14
BRDA:17,0,0,0
BRDA:17,0,1,5
BRDA:20,1,0,1
BRDA:20,1,1,4
BRDA:23,2,0,1
BRDA:23,2,1,3
BRDA:39,3,0,0
BRDA:39,3,1,0
BRDA:66,4,0,2
BRDA:66,4,1,2
BRDA:72,5,0,0
BRDA:72,5,1,0
BRF:12
BRH:7
end_of_record
TN:
SF:models/recipe.js
FN:14,(anonymous_0)
FN:78,(anonymous_1)
FN:94,(anonymous_2)
FNF:3
FNH:3
FNDA:4,(anonymous_0)
FNDA:4,(anonymous_1)
FNDA:2,(anonymous_2)
DA:3,6
DA:8,6
DA:16,4
DA:22,4
DA:24,4
DA:25,1
DA:26,1
DA:33,4
DA:34,3
DA:43,3
DA:52,4
DA:59,4
DA:61,4
DA:62,1
DA:63,1
DA:66,3
DA:67,3
DA:74,3
DA:79,4
DA:87,4
DA:88,4
DA:95,2
DA:101,2
DA:102,2
DA:103,2
DA:106,1
DA:112,1
DA:118,6
LF:28
LH:28
BRDA:24,0,0,1
BRDA:24,0,1,3
BRDA:33,1,0,3
BRDA:33,1,1,1
BRDA:61,2,0,1
BRDA:61,2,1,3
BRDA:66,3,0,3
BRDA:66,3,1,0
BRDA:103,4,0,1
BRDA:103,4,1,1
BRF:10
BRH:9
end_of_record
TN:
SF:models/user.js
FN:24,(anonymous_0)
FN:57,(anonymous_1)
FN:96,(anonymous_2)
FN:114,(anonymous_3)
FN:131,(anonymous_4)
FN:145,(anonymous_5)
FNF:6
FNH:6
FNDA:3,(anonymous_0)
FNDA:10,(anonymous_1)
FNDA:1,(anonymous_2)
FNDA:2,(anonymous_3)
FNDA:4,(anonymous_4)
FNDA:2,(anonymous_5)
DA:3,6
DA:4,6
DA:10,6
DA:12,6
DA:26,3
DA:36,3
DA:38,3
DA:40,1
DA:41,1
DA:42,1
DA:43,1
DA:47,2
DA:58,10
DA:65,10
DA:66,2
DA:69,8
DA:71,8
DA:86,6
DA:88,6
DA:97,1
DA:104,1
DA:115,2
DA:124,2
DA:126,2
DA:128,0
DA:132,4
DA:137,4
DA:139,4
DA:140,1
DA:146,2
DA:153,2
DA:155,2
DA:162,6
LF:33
LH:32
BRDA:38,0,0,1
BRDA:38,0,1,2
BRDA:41,1,0,1
BRDA:41,1,1,0
BRDA:65,2,0,2
BRDA:65,2,1,8
BRDA:126,3,0,2
BRDA:126,3,1,0
BRDA:139,4,0,3
BRDA:139,4,1,1
BRDA:155,5,0,2
BRDA:155,5,1,0
BRF:12
BRH:9
end_of_record
TN:
SF:routes/_routeTestCommon.js
FN:9,commonBeforeAll
FN:30,commonBeforeEach
FN:34,commonAfterEach
FN:38,commonAfterAll
FNF:4
FNH:4
FNDA:4,commonBeforeAll
FNDA:14,commonBeforeEach
FNDA:49,commonAfterEach
FNDA:4,commonAfterAll
DA:3,4
DA:4,4
DA:5,4
DA:6,4
DA:7,4
DA:10,4
DA:11,4
DA:12,4
DA:13,4
DA:14,4
DA:15,4
DA:17,4
DA:18,1
DA:19,1
DA:21,1
DA:22,1
DA:25,1
DA:26,1
DA:31,14
DA:35,49
DA:39,4
DA:43,4
DA:44,4
DA:45,4
DA:47,4
LF:25
LH:25
BRF:0
BRH:0
end_of_record
TN:
SF:routes/auth.js
FN:21,(anonymous_0)
FN:25,(anonymous_1)
FN:49,(anonymous_2)
FN:53,(anonymous_3)
FNF:4
FNH:0
FNDA:0,(anonymous_0)
FNDA:0,(anonymous_1)
FNDA:0,(anonymous_2)
FNDA:0,(anonymous_3)
DA:2,4
DA:4,4
DA:5,4
DA:6,4
DA:7,4
DA:8,4
DA:9,4
DA:10,4
DA:21,4
DA:22,0
DA:23,0
DA:24,0
DA:25,0
DA:26,0
DA:29,0
DA:31,0
DA:33,0
DA:34,0
DA:36,0
DA:49,4
DA:50,0
DA:51,0
DA:52,0
DA:53,0
DA:54,0
DA:57,0
DA:58,0
DA:59,0
DA:61,0
DA:65,4
LF:30
LH:11
BRDA:24,0,0,0
BRDA:24,0,1,0
BRDA:52,1,0,0
BRDA:52,1,1,0
BRF:4
BRH:0
end_of_record
TN:
SF:routes/mealPlanner.js
FN:16,(anonymous_0)
FN:20,(anonymous_1)
FN:36,(anonymous_2)
FN:46,(anonymous_3)
FN:50,(anonymous_4)
FNF:5
FNH:5
FNDA:4,(anonymous_0)
FNDA:1,(anonymous_1)
FNDA:4,(anonymous_2)
FNDA:2,(anonymous_3)
FNDA:1,(anonymous_4)
DA:2,4
DA:3,4
DA:4,4
DA:5,4
DA:6,4
DA:7,4
DA:8,4
DA:9,4
DA:10,4
DA:16,4
DA:17,4
DA:18,4
DA:19,4
DA:20,1
DA:21,1
DA:24,3
DA:25,3
DA:29,3
DA:30,1
DA:32,3
DA:36,4
DA:37,4
DA:38,4
DA:39,4
DA:40,2
DA:42,2
DA:46,4
DA:47,2
DA:48,2
DA:49,2
DA:50,1
DA:51,1
DA:54,1
DA:55,1
DA:56,1
DA:58,1
DA:61,1
DA:67,4
LF:38
LH:38
BRDA:19,0,0,1
BRDA:19,0,1,3
BRDA:49,1,0,1
BRDA:49,1,1,1
BRF:4
BRH:4
end_of_record
TN:
SF:routes/recipes.js
FN:48,(anonymous_0)
FN:98,(anonymous_1)
FN:128,(anonymous_2)
FN:150,(anonymous_3)
FN:154,(anonymous_4)
FN:173,(anonymous_5)
FNF:6
FNH:0
FNDA:0,(anonymous_0)
FNDA:0,(anonymous_1)
FNDA:0,(anonymous_2)
FNDA:0,(anonymous_3)
FNDA:0,(anonymous_4)
FNDA:0,(anonymous_5)
DA:4,4
DA:5,4
DA:6,4
DA:7,4
DA:8,4
DA:9,4
DA:10,4
DA:11,4
DA:12,4
DA:13,4
DA:14,4
DA:48,4
DA:49,0
DA:51,0
DA:52,0
DA:54,0
DA:62,0
DA:63,0
DA:66,0
DA:67,0
DA:71,0
DA:72,0
DA:73,0
DA:76,0
DA:77,0
DA:79,0
DA:82,0
DA:83,0
DA:86,0
DA:98,4
DA:99,0
DA:101,0
DA:103,0
DA:105,0
DA:106,0
DA:107,0
DA:108,0
DA:111,0
DA:113,0
DA:128,4
DA:129,0
DA:131,0
DA:132,0
DA:133,0
DA:135,0
DA:150,4
DA:151,0
DA:152,0
DA:153,0
DA:154,0
DA:155,0
DA:158,0
DA:159,0
DA:160,0
DA:161,0
DA:162,0
DA:163,0
DA:165,0
DA:166,0
DA:168,0
DA:173,4
DA:174,0
DA:177,0
DA:179,0
DA:181,0
DA:183,0
DA:187,4
LF:67
LH:17
BRDA:52,0,0,0
BRDA:52,0,1,0
BRDA:66,1,0,0
BRDA:66,1,1,0
BRDA:66,2,0,0
BRDA:66,2,1,0
BRDA:76,3,0,0
BRDA:76,3,1,0
BRDA:103,4,0,0
BRDA:103,4,1,0
BRDA:153,5,0,0
BRDA:153,5,1,0
BRF:12
BRH:0
end_of_record
TN:
SF:routes/users.js
FN:24,(anonymous_0)
FN:47,(anonymous_1)
FNF:2
FNH:0
FNDA:0,(anonymous_0)
FNDA:0,(anonymous_1)
DA:5,4
DA:7,4
DA:8,4
DA:9,4
DA:10,4
DA:11,4
DA:12,4
DA:14,4
DA:24,4
DA:25,0
DA:26,0
DA:27,0
DA:28,0
DA:29,0
DA:33,0
DA:34,0
DA:35,0
DA:37,0
DA:47,4
DA:48,0
DA:49,0
DA:50,0
DA:52,0
DA:58,4
LF:24
LH:11
BRF:0
BRH:0
end_of_record
